<?xml version="1.0" encoding="UTF-8"?>
<testsuite xmlns:xsi="http://www.w3.org/2001/XMLSchema-instance" xsi:noNamespaceSchemaLocation="https://maven.apache.org/surefire/maven-surefire-plugin/xsd/surefire-test-report-3.0.xsd" version="3.0" name="Tests.SeleniumFormTest" time="3.236" tests="1" errors="0" skipped="0" failures="1">
  <properties>
[...]
</properties>
  <testcase name="shouldFillFormWithSuccess" classname="Tests.SeleniumFormTest" time="3.104">
    <failure message="&#10;Expected: &quot;Form send with success&quot;&#10;     but: was &quot;&quot;" type="java.lang.AssertionError">java.lang.AssertionError: 

Expected: "Form send with success"
     but: was ""
	at Tests.SeleniumFormTest.shouldFillFormWithSuccess(SeleniumFormTest.java:60)
</failure>
    <system-out><![CDATA[16:20:13,546 |-INFO in ch.qos.logback.classic.LoggerContext[default] - Could NOT find resource [logback-test.xml]
16:20:13,546 |-INFO in ch.qos.logback.classic.LoggerContext[default] - Could NOT find resource [logback.groovy]
16:20:13,547 |-INFO in ch.qos.logback.classic.LoggerContext[default] - Found resource [logback.xml] at [file:/C:/Java/Lesson8/target/classes/logback.xml]
16:20:13,598 |-INFO in ch.qos.logback.classic.joran.action.ConfigurationAction - debug attribute not set
16:20:13,603 |-INFO in ch.qos.logback.core.joran.action.TimestampAction - Using current interpretation time, i.e. now, as time reference.
16:20:13,603 |-INFO in ch.qos.logback.core.joran.action.TimestampAction - Adding property to the context with key="bySecond" and value="20210513T162013" to the LOCAL scope
16:20:13,603 |-INFO in ch.qos.logback.core.joran.action.AppenderAction - About to instantiate appender of type [ch.qos.logback.core.ConsoleAppender]
16:20:13,605 |-INFO in ch.qos.logback.core.joran.action.AppenderAction - Naming appender as [STDOUT]
16:20:13,623 |-WARN in ch.qos.logback.core.ConsoleAppender[STDOUT] - This appender no longer admits a layout as a sub-component, set an encoder instead.
16:20:13,623 |-WARN in ch.qos.logback.core.ConsoleAppender[STDOUT] - To ensure compatibility, wrapping your layout in LayoutWrappingEncoder.
16:20:13,623 |-WARN in ch.qos.logback.core.ConsoleAppender[STDOUT] - See also http://logback.qos.ch/codes.html#layoutInsteadOfEncoder for details
16:20:13,623 |-INFO in ch.qos.logback.core.joran.action.AppenderAction - About to instantiate appender of type [ch.qos.logback.core.rolling.RollingFileAppender]
16:20:13,625 |-INFO in ch.qos.logback.core.joran.action.AppenderAction - Naming appender as [FILE]
16:20:13,628 |-INFO in c.q.l.core.rolling.TimeBasedRollingPolicy@1923999715 - setting totalSizeCap to 30 KB
16:20:13,629 |-INFO in c.q.l.core.rolling.TimeBasedRollingPolicy@1923999715 - Will use zip compression
16:20:13,630 |-INFO in c.q.l.core.rolling.TimeBasedRollingPolicy@1923999715 - Will use the pattern C:/Java/Lesson8/log/timeBasedlogFile.%d{yyyy-MM-dd-HH-mm} for the active file
16:20:13,632 |-INFO in c.q.l.core.rolling.DefaultTimeBasedFileNamingAndTriggeringPolicy - The date pattern is 'yyyy-MM-dd-HH-mm' from file name pattern 'C:/Java/Lesson8/log/timeBasedlogFile.%d{yyyy-MM-dd-HH-mm}.zip'.
16:20:13,632 |-INFO in c.q.l.core.rolling.DefaultTimeBasedFileNamingAndTriggeringPolicy - Roll-over every minute.
16:20:13,635 |-INFO in c.q.l.core.rolling.DefaultTimeBasedFileNamingAndTriggeringPolicy - Setting initial period to Thu May 13 16:20:13 CEST 2021
16:20:13,636 |-INFO in ch.qos.logback.core.joran.action.NestedComplexPropertyIA - Assuming default type [ch.qos.logback.classic.encoder.PatternLayoutEncoder] for [encoder] property
16:20:13,638 |-INFO in ch.qos.logback.core.rolling.RollingFileAppender[FILE] - Active log file name: C:\Java\Lesson8/log/timeBasedlogFile.log
16:20:13,638 |-INFO in ch.qos.logback.core.rolling.RollingFileAppender[FILE] - File property is set to [C:\Java\Lesson8/log/timeBasedlogFile.log]
16:20:13,639 |-INFO in ch.qos.logback.core.joran.action.AppenderRefAction - Attaching appender named [FILE] to Logger[Tests]
16:20:13,639 |-INFO in ch.qos.logback.classic.joran.action.RootLoggerAction - Setting level of ROOT logger to INFO
16:20:13,639 |-INFO in ch.qos.logback.core.joran.action.AppenderRefAction - Attaching appender named [STDOUT] to Logger[ROOT]
16:20:13,640 |-INFO in ch.qos.logback.core.joran.action.AppenderRefAction - Attaching appender named [FILE] to Logger[ROOT]
16:20:13,640 |-INFO in ch.qos.logback.classic.joran.action.ConfigurationAction - End of configuration.
16:20:13,640 |-INFO in ch.qos.logback.classic.joran.JoranConfigurator@239105a8 - Registering current configuration as safe fallback point

2021-05-13 16:20:13 &amp#27;[34mINFO &amp#27;[0;39m - &amp#27;[34m Using chromedriver 90.0.4430.24 (resolved driver for Chrome 90)
&amp#27;[0;39m2021-05-13 16:20:13 &amp#27;[34mINFO &amp#27;[0;39m - &amp#27;[34m Exporting webdriver.chrome.driver as C:\Users\bmurzynowska\.cache\selenium\chromedriver\win32\90.0.4430.24\chromedriver.exe
&amp#27;[0;39m2021-05-13 16:20:15 &amp#27;[34mINFO &amp#27;[0;39m - &amp#27;[34m >>>>> Start test >>>>>>
&amp#27;[0;39m2021-05-13 16:20:15 &amp#27;[34mINFO &amp#27;[0;39m - &amp#27;[34m web url https://seleniumui.moderntester.pl/form.php
&amp#27;[0;39m2021-05-13 16:20:16 &amp#27;[34mINFO &amp#27;[0;39m - &amp#27;[34m >>>>> Finish test >>>>>>
&amp#27;[0;39m]]></system-out>
    <system-err><![CDATA[Starting ChromeDriver 90.0.4430.24 (4c6d850f087da467d926e8eddb76550aed655991-refs/branch-heads/4430@{#429}) on port 43651
Only local connections are allowed.
Please see https://chromedriver.chromium.org/security-considerations for suggestions on keeping ChromeDriver safe.
ChromeDriver was started successfully.
maj 13, 2021 4:20:15 PM org.openqa.selenium.remote.ProtocolHandshake createSession
INFO: Detected dialect: W3C
]]></system-err>
  </testcase>
</testsuite>